<?xml version="1.0" encoding="UTF-8"?>
<!-- Generated by org.testng.reporters.JUnitReportReporter -->
<testsuite hostname="DESKTOP-UM2MPT8" failures="0" tests="2" name="HomePageTest" time="11.975" errors="0" timestamp="2023-09-09T15:17:28 IST" skipped="0">
  <testcase classname="HomePageTest" name="HomepageHeading" time="3.831"/>
  <testcase classname="HomePageTest" name="LogoutFunctionality" time="8.144"/>
</testsuite> <!-- HomePageTest -->
