<?xml version="1.0" encoding="UTF-8"?>
<!-- Generated by org.testng.reporters.JUnitReportReporter -->
<testsuite hostname="DESKTOP-UM2MPT8" failures="0" tests="5" name="LoginPageTest" time="16.975" errors="0" timestamp="2023-09-09T15:17:28 IST" skipped="0">
  <testcase classname="LoginPageTest" name="emptyInputFields" time="2.973"/>
  <testcase classname="LoginPageTest" name="emptyUserIDField" time="3.357"/>
  <testcase classname="LoginPageTest" name="emptyPINField" time="3.424"/>
  <testcase classname="LoginPageTest" name="invalidPIN" time="3.917"/>
  <testcase classname="LoginPageTest" name="successfulLogin" time="3.304"/>
</testsuite> <!-- LoginPageTest -->
